2019/03/10 06:18:17 [emerg] 57#57: BIO_new_file("/etc/ssl/server.crt") failed (SSL: error:02001002:system library:fopen:No such file or directory:fopen('/etc/ssl/server.crt','r') error:2006D080:BIO routines:BIO_new_file:no such file)
2019/03/10 06:18:44 [emerg] 57#57: BIO_new_file("/etc/ssl/server.crt") failed (SSL: error:02001002:system library:fopen:No such file or directory:fopen('/etc/ssl/server.crt','r') error:2006D080:BIO routines:BIO_new_file:no such file)
2019/03/17 11:38:08 [error] 58#58: *838 FastCGI sent in stderr: "PHP message: PHP Fatal error:  Constant expression contains invalid operations in /var/www/html/core/media/src/ValueObjects/MediaPath.php on line 19
PHP message: PHP Stack trace:
PHP message: PHP   1. {main}() /var/www/html/public/index.php:0
PHP message: PHP   2. App\Http\Kernel->handle() /var/www/html/public/index.php:55
PHP message: PHP   3. App\Http\Kernel->sendRequestThroughRouter() /var/www/html/vendor/laravel/framework/src/Illuminate/Foundation/Http/Kernel.php:116
PHP message: PHP   4. Illuminate\Routing\Pipeline->then() /var/www/html/vendor/laravel/framework/src/Illuminate/Foundation/Http/Kernel.php:151
PHP message: PHP   5. Illuminate\Routing\Pipeline->Illuminate\Routing\{closure}() /var/www/html/vendor/laravel/framework/src/Illuminate/Pipeline/Pipeline.php:104
PHP message: PHP   6. Illuminate\Routing\Pipeline->Illuminate\Pipeline\{closure}() /var/www/html/vendor/laravel/framework/src/Illuminate/Routing/Pipeline.php:53
PHP message: PHP   7. App\Http\Middleware\CheckForMaintenanceMode->handle() /var/www/html/vendor/laravel/framework/src/Illuminate/Pipeline/Pipeline.php:151
PHP message: PHP   8. Illuminate\Routing\Pipeline->Illuminate\Routing\{closure}() /var/www/html/vendor/laravel/framework/src/Illuminate/Foundation/Http/Middleware/CheckForMaintenanceMode.php:62
PHP message: PHP   9. Illuminate\Routing\Pipeline->Illuminate\Pipeline\{closure}() /var/www/html/vendor/laravel/framework/src/Illuminate/Routing/Pipeline.php:53
PHP message: PHP  10. Illuminate\Foundation\Http\Middleware\ValidatePostSize->handle() /var/www/html/vendor/laravel/framework/src/Illuminate/Pipeline/Pipeline.php:151
PHP message: PHP  11. Illuminate\Routing\Pipeline->Illuminate\Routing\{closure}() /var/www/html/vendor/laravel/framework/src/Illuminate/Foundation/Http/Middleware/ValidatePostSize.php:27
PHP message: PHP  12. Illuminate\Routing\Pipeline->Illuminate\Pipeline\{closure}() /var/www/html/vendor/laravel/framework/src/Illuminate/Routing/Pipeline.php:53
PHP message: P
2019/03/17 11:38:08 [error] 58#58: *838 FastCGI sent in stderr: "el/framework/src/Illuminate/Routing/Router.php:667
PHP message: PHP  27. Illuminate\Routing\Pipeline->Illuminate\Routing\{closure}() /var/www/html/vendor/laravel/framework/src/Illuminate/Pipeline/Pipeline.php:104
PHP message: PHP  28. Illuminate\Routing\Pipeline->Illuminate\Pipeline\{closure}() /var/www/html/vendor/laravel/framework/src/Illuminate/Routing/Pipeline.php:53
PHP message: PHP  29. App\Http\Middleware\EncryptCookies->handle() /var/www/html/vendor/laravel/framework/src/Illuminate/Pipeline/Pipeline.php:151
PHP message: PHP  30. Illuminate\Routing\Pipeline->Illuminate\Routing\{closure}() /var/www/html/vendor/laravel/framework/src/Illuminate/Cookie/Middleware/EncryptCookies.php:66
PHP message: PHP  31. Illuminate\Routing\Pipeline->Illuminate\Pipeline\{closure}() /var/www/html/vendor/laravel/framework/src/Illuminate/Routing/Pipeline.php:53
PHP message: PHP  32. Illuminate\Cookie\Middleware\AddQueuedCookiesToResponse->handle() /var/www/html/vendor/laravel/framework/src/Illuminate/Pipeline/Pipeline.php:151
PHP message: PHP  33. Illuminate\Routing\Pipeline->Illuminate\Routing\{closure}() /var/www/html/vendor/laravel/framework/src/Illuminate/Cookie/Middleware/AddQueuedCookiesToResponse.php:37
PHP message: PHP  34. Illuminate\Routing\Pipeline->Illuminate\Pipeline\{closure}() /var/www/html/vendor/laravel/framework/src/Illuminate/Routing/Pipeline.php:53
PHP message: PHP  35. Illuminate\Session\Middleware\StartSession->handle() /var/www/html/vendor/laravel/framework/src/Illuminate/Pipeline/Pipeline.php:151
PHP message: PHP  36. Illuminate\Routing\Pipeline->Illuminate\Routing\{closure}() /var/www/html/vendor/laravel/framework/src/Illuminate/Session/Middleware/StartSession.php:63
PHP message: PHP  37. Illuminate\Routing\Pipeline->Illuminate\Pipeline\{closure}() /var/www/html/vendor/laravel/framework/src/Illuminate/Routing/Pipeline.php:53
PHP message: PHP  38. Illuminate\View\Middleware\ShareErrorsFromSession->handle() /var/www/html/vendor/laravel/frame
2019/03/17 11:38:08 [error] 58#58: *838 FastCGI sent in stderr: "endor/laravel/framework/src/Illuminate/Auth/Middleware/Authenticate.php:43
PHP message: PHP  52. Illuminate\Routing\Pipeline->Illuminate\Pipeline\{closure}() /var/www/html/vendor/laravel/framework/src/Illuminate/Routing/Pipeline.php:53
PHP message: PHP  53. Core\Media\Middlewares\AdminMiddleware->handle() /var/www/html/vendor/laravel/framework/src/Illuminate/Pipeline/Pipeline.php:151
PHP message: PHP  54. Illuminate\Routing\Pipeline->Illuminate\Routing\{closure}() /var/www/html/core/media/src/Middlewares/AdminMiddleware.php:14
PHP message: PHP  55. Illuminate\Routing\Pipeline->Illuminate\Pipeline\{closure}() /var/www/html/vendor/laravel/framework/src/Illuminate/Routing/Pipeline.php:53
PHP message: PHP  56. Core\Base\Middlewares\Authorization->handle() /var/www/html/vendor/laravel/framework/src/Illuminate/Pipeline/Pipeline.php:151
PHP message: PHP  57. Illuminate\Routing\Pipeline->Illuminate\Routing\{closure}() /var/www/html/core/base/src/Middlewares/Authorization.php:41
PHP message: PHP  58. Illuminate\Routing\Router->Illuminate\Routing\{closure}() /var/www/html/vendor/laravel/framework/src/Illuminate/Routing/Pipeline.php:30
PHP message: PHP  59. Illuminate\Routing\Route->run() /var/www/html/vendor/laravel/framework/src/Illuminate/Routing/Router.php:665
PHP message: PHP  60. Illuminate\Routing\Route->runController() /var/www/html/vendor/laravel/framework/src/Illuminate/Routing/Route.php:169
PHP message: PHP  61. Illuminate\Routing\ControllerDispatcher->dispatch() /var/www/html/vendor/laravel/framework/src/Illuminate/Routing/Route.php:212
PHP message: PHP  62. Core\Media\Controllers\Admin\MediaController->callAction() /var/www/html/vendor/laravel/framework/src/Illuminate/Routing/ControllerDispatcher.php:45
PHP message: PHP  63. call_user_func_array:{/var/www/html/vendor/laravel/framework/src/Illuminate/Routing/Controller.php:54}() /var/www/html/vendor/laravel/framework/src/Illuminate/Routing/Controller.php:54
PHP message: PHP  64. Core\Media\Control
2019/03/17 11:38:44 [error] 58#58: *838 FastCGI sent in stderr: "PHP message: PHP Fatal error:  Constant expression contains invalid operations in /var/www/html/core/media/src/ValueObjects/MediaPath.php on line 19
PHP message: PHP Stack trace:
PHP message: PHP   1. {main}() /var/www/html/public/index.php:0
PHP message: PHP   2. App\Http\Kernel->handle() /var/www/html/public/index.php:55
PHP message: PHP   3. App\Http\Kernel->sendRequestThroughRouter() /var/www/html/vendor/laravel/framework/src/Illuminate/Foundation/Http/Kernel.php:116
PHP message: PHP   4. Illuminate\Routing\Pipeline->then() /var/www/html/vendor/laravel/framework/src/Illuminate/Foundation/Http/Kernel.php:151
PHP message: PHP   5. Illuminate\Routing\Pipeline->Illuminate\Routing\{closure}() /var/www/html/vendor/laravel/framework/src/Illuminate/Pipeline/Pipeline.php:104
PHP message: PHP   6. Illuminate\Routing\Pipeline->Illuminate\Pipeline\{closure}() /var/www/html/vendor/laravel/framework/src/Illuminate/Routing/Pipeline.php:53
PHP message: PHP   7. App\Http\Middleware\CheckForMaintenanceMode->handle() /var/www/html/vendor/laravel/framework/src/Illuminate/Pipeline/Pipeline.php:151
PHP message: PHP   8. Illuminate\Routing\Pipeline->Illuminate\Routing\{closure}() /var/www/html/vendor/laravel/framework/src/Illuminate/Foundation/Http/Middleware/CheckForMaintenanceMode.php:62
PHP message: PHP   9. Illuminate\Routing\Pipeline->Illuminate\Pipeline\{closure}() /var/www/html/vendor/laravel/framework/src/Illuminate/Routing/Pipeline.php:53
PHP message: PHP  10. Illuminate\Foundation\Http\Middleware\ValidatePostSize->handle() /var/www/html/vendor/laravel/framework/src/Illuminate/Pipeline/Pipeline.php:151
PHP message: PHP  11. Illuminate\Routing\Pipeline->Illuminate\Routing\{closure}() /var/www/html/vendor/laravel/framework/src/Illuminate/Foundation/Http/Middleware/ValidatePostSize.php:27
PHP message: PHP  12. Illuminate\Routing\Pipeline->Illuminate\Pipeline\{closure}() /var/www/html/vendor/laravel/framework/src/Illuminate/Routing/Pipeline.php:53
PHP message: P
2019/03/17 11:38:44 [error] 58#58: *838 FastCGI sent in stderr: "el/framework/src/Illuminate/Routing/Router.php:667
PHP message: PHP  27. Illuminate\Routing\Pipeline->Illuminate\Routing\{closure}() /var/www/html/vendor/laravel/framework/src/Illuminate/Pipeline/Pipeline.php:104
PHP message: PHP  28. Illuminate\Routing\Pipeline->Illuminate\Pipeline\{closure}() /var/www/html/vendor/laravel/framework/src/Illuminate/Routing/Pipeline.php:53
PHP message: PHP  29. App\Http\Middleware\EncryptCookies->handle() /var/www/html/vendor/laravel/framework/src/Illuminate/Pipeline/Pipeline.php:151
PHP message: PHP  30. Illuminate\Routing\Pipeline->Illuminate\Routing\{closure}() /var/www/html/vendor/laravel/framework/src/Illuminate/Cookie/Middleware/EncryptCookies.php:66
PHP message: PHP  31. Illuminate\Routing\Pipeline->Illuminate\Pipeline\{closure}() /var/www/html/vendor/laravel/framework/src/Illuminate/Routing/Pipeline.php:53
PHP message: PHP  32. Illuminate\Cookie\Middleware\AddQueuedCookiesToResponse->handle() /var/www/html/vendor/laravel/framework/src/Illuminate/Pipeline/Pipeline.php:151
PHP message: PHP  33. Illuminate\Routing\Pipeline->Illuminate\Routing\{closure}() /var/www/html/vendor/laravel/framework/src/Illuminate/Cookie/Middleware/AddQueuedCookiesToResponse.php:37
PHP message: PHP  34. Illuminate\Routing\Pipeline->Illuminate\Pipeline\{closure}() /var/www/html/vendor/laravel/framework/src/Illuminate/Routing/Pipeline.php:53
PHP message: PHP  35. Illuminate\Session\Middleware\StartSession->handle() /var/www/html/vendor/laravel/framework/src/Illuminate/Pipeline/Pipeline.php:151
PHP message: PHP  36. Illuminate\Routing\Pipeline->Illuminate\Routing\{closure}() /var/www/html/vendor/laravel/framework/src/Illuminate/Session/Middleware/StartSession.php:63
PHP message: PHP  37. Illuminate\Routing\Pipeline->Illuminate\Pipeline\{closure}() /var/www/html/vendor/laravel/framework/src/Illuminate/Routing/Pipeline.php:53
PHP message: PHP  38. Illuminate\View\Middleware\ShareErrorsFromSession->handle() /var/www/html/vendor/laravel/frame
2019/03/17 11:38:44 [error] 58#58: *838 FastCGI sent in stderr: "endor/laravel/framework/src/Illuminate/Auth/Middleware/Authenticate.php:43
PHP message: PHP  52. Illuminate\Routing\Pipeline->Illuminate\Pipeline\{closure}() /var/www/html/vendor/laravel/framework/src/Illuminate/Routing/Pipeline.php:53
PHP message: PHP  53. Core\Media\Middlewares\AdminMiddleware->handle() /var/www/html/vendor/laravel/framework/src/Illuminate/Pipeline/Pipeline.php:151
PHP message: PHP  54. Illuminate\Routing\Pipeline->Illuminate\Routing\{closure}() /var/www/html/core/media/src/Middlewares/AdminMiddleware.php:14
PHP message: PHP  55. Illuminate\Routing\Pipeline->Illuminate\Pipeline\{closure}() /var/www/html/vendor/laravel/framework/src/Illuminate/Routing/Pipeline.php:53
PHP message: PHP  56. Core\Base\Middlewares\Authorization->handle() /var/www/html/vendor/laravel/framework/src/Illuminate/Pipeline/Pipeline.php:151
PHP message: PHP  57. Illuminate\Routing\Pipeline->Illuminate\Routing\{closure}() /var/www/html/core/base/src/Middlewares/Authorization.php:41
PHP message: PHP  58. Illuminate\Routing\Router->Illuminate\Routing\{closure}() /var/www/html/vendor/laravel/framework/src/Illuminate/Routing/Pipeline.php:30
PHP message: PHP  59. Illuminate\Routing\Route->run() /var/www/html/vendor/laravel/framework/src/Illuminate/Routing/Router.php:665
PHP message: PHP  60. Illuminate\Routing\Route->runController() /var/www/html/vendor/laravel/framework/src/Illuminate/Routing/Route.php:169
PHP message: PHP  61. Illuminate\Routing\ControllerDispatcher->dispatch() /var/www/html/vendor/laravel/framework/src/Illuminate/Routing/Route.php:212
PHP message: PHP  62. Core\Media\Controllers\Admin\MediaController->callAction() /var/www/html/vendor/laravel/framework/src/Illuminate/Routing/ControllerDispatcher.php:45
PHP message: PHP  63. call_user_func_array:{/var/www/html/vendor/laravel/framework/src/Illuminate/Routing/Controller.php:54}() /var/www/html/vendor/laravel/framework/src/Illuminate/Routing/Controller.php:54
PHP message: PHP  64. Core\Media\Control
2019/03/17 11:45:52 [error] 58#58: *866 FastCGI sent in stderr: "PHP message: PHP Fatal error:  Constant expression contains invalid operations in /var/www/html/core/media/src/ValueObjects/MediaPath.php on line 19
PHP message: PHP Stack trace:
PHP message: PHP   1. {main}() /var/www/html/public/index.php:0
PHP message: PHP   2. App\Http\Kernel->handle() /var/www/html/public/index.php:55
PHP message: PHP   3. App\Http\Kernel->sendRequestThroughRouter() /var/www/html/vendor/laravel/framework/src/Illuminate/Foundation/Http/Kernel.php:116
PHP message: PHP   4. Illuminate\Routing\Pipeline->then() /var/www/html/vendor/laravel/framework/src/Illuminate/Foundation/Http/Kernel.php:151
PHP message: PHP   5. Illuminate\Routing\Pipeline->Illuminate\Routing\{closure}() /var/www/html/vendor/laravel/framework/src/Illuminate/Pipeline/Pipeline.php:104
PHP message: PHP   6. Illuminate\Routing\Pipeline->Illuminate\Pipeline\{closure}() /var/www/html/vendor/laravel/framework/src/Illuminate/Routing/Pipeline.php:53
PHP message: PHP   7. App\Http\Middleware\CheckForMaintenanceMode->handle() /var/www/html/vendor/laravel/framework/src/Illuminate/Pipeline/Pipeline.php:151
PHP message: PHP   8. Illuminate\Routing\Pipeline->Illuminate\Routing\{closure}() /var/www/html/vendor/laravel/framework/src/Illuminate/Foundation/Http/Middleware/CheckForMaintenanceMode.php:62
PHP message: PHP   9. Illuminate\Routing\Pipeline->Illuminate\Pipeline\{closure}() /var/www/html/vendor/laravel/framework/src/Illuminate/Routing/Pipeline.php:53
PHP message: PHP  10. Illuminate\Foundation\Http\Middleware\ValidatePostSize->handle() /var/www/html/vendor/laravel/framework/src/Illuminate/Pipeline/Pipeline.php:151
PHP message: PHP  11. Illuminate\Routing\Pipeline->Illuminate\Routing\{closure}() /var/www/html/vendor/laravel/framework/src/Illuminate/Foundation/Http/Middleware/ValidatePostSize.php:27
PHP message: PHP  12. Illuminate\Routing\Pipeline->Illuminate\Pipeline\{closure}() /var/www/html/vendor/laravel/framework/src/Illuminate/Routing/Pipeline.php:53
PHP message: P
2019/03/17 11:45:52 [error] 58#58: *866 FastCGI sent in stderr: "el/framework/src/Illuminate/Routing/Router.php:667
PHP message: PHP  27. Illuminate\Routing\Pipeline->Illuminate\Routing\{closure}() /var/www/html/vendor/laravel/framework/src/Illuminate/Pipeline/Pipeline.php:104
PHP message: PHP  28. Illuminate\Routing\Pipeline->Illuminate\Pipeline\{closure}() /var/www/html/vendor/laravel/framework/src/Illuminate/Routing/Pipeline.php:53
PHP message: PHP  29. App\Http\Middleware\EncryptCookies->handle() /var/www/html/vendor/laravel/framework/src/Illuminate/Pipeline/Pipeline.php:151
PHP message: PHP  30. Illuminate\Routing\Pipeline->Illuminate\Routing\{closure}() /var/www/html/vendor/laravel/framework/src/Illuminate/Cookie/Middleware/EncryptCookies.php:66
PHP message: PHP  31. Illuminate\Routing\Pipeline->Illuminate\Pipeline\{closure}() /var/www/html/vendor/laravel/framework/src/Illuminate/Routing/Pipeline.php:53
PHP message: PHP  32. Illuminate\Cookie\Middleware\AddQueuedCookiesToResponse->handle() /var/www/html/vendor/laravel/framework/src/Illuminate/Pipeline/Pipeline.php:151
PHP message: PHP  33. Illuminate\Routing\Pipeline->Illuminate\Routing\{closure}() /var/www/html/vendor/laravel/framework/src/Illuminate/Cookie/Middleware/AddQueuedCookiesToResponse.php:37
PHP message: PHP  34. Illuminate\Routing\Pipeline->Illuminate\Pipeline\{closure}() /var/www/html/vendor/laravel/framework/src/Illuminate/Routing/Pipeline.php:53
PHP message: PHP  35. Illuminate\Session\Middleware\StartSession->handle() /var/www/html/vendor/laravel/framework/src/Illuminate/Pipeline/Pipeline.php:151
PHP message: PHP  36. Illuminate\Routing\Pipeline->Illuminate\Routing\{closure}() /var/www/html/vendor/laravel/framework/src/Illuminate/Session/Middleware/StartSession.php:63
PHP message: PHP  37. Illuminate\Routing\Pipeline->Illuminate\Pipeline\{closure}() /var/www/html/vendor/laravel/framework/src/Illuminate/Routing/Pipeline.php:53
PHP message: PHP  38. Illuminate\View\Middleware\ShareErrorsFromSession->handle() /var/www/html/vendor/laravel/frame
2019/03/17 11:45:52 [error] 58#58: *866 FastCGI sent in stderr: "endor/laravel/framework/src/Illuminate/Auth/Middleware/Authenticate.php:43
PHP message: PHP  52. Illuminate\Routing\Pipeline->Illuminate\Pipeline\{closure}() /var/www/html/vendor/laravel/framework/src/Illuminate/Routing/Pipeline.php:53
PHP message: PHP  53. Core\Media\Middlewares\AdminMiddleware->handle() /var/www/html/vendor/laravel/framework/src/Illuminate/Pipeline/Pipeline.php:151
PHP message: PHP  54. Illuminate\Routing\Pipeline->Illuminate\Routing\{closure}() /var/www/html/core/media/src/Middlewares/AdminMiddleware.php:14
PHP message: PHP  55. Illuminate\Routing\Pipeline->Illuminate\Pipeline\{closure}() /var/www/html/vendor/laravel/framework/src/Illuminate/Routing/Pipeline.php:53
PHP message: PHP  56. Core\Base\Middlewares\Authorization->handle() /var/www/html/vendor/laravel/framework/src/Illuminate/Pipeline/Pipeline.php:151
PHP message: PHP  57. Illuminate\Routing\Pipeline->Illuminate\Routing\{closure}() /var/www/html/core/base/src/Middlewares/Authorization.php:41
PHP message: PHP  58. Illuminate\Routing\Router->Illuminate\Routing\{closure}() /var/www/html/vendor/laravel/framework/src/Illuminate/Routing/Pipeline.php:30
PHP message: PHP  59. Illuminate\Routing\Route->run() /var/www/html/vendor/laravel/framework/src/Illuminate/Routing/Router.php:665
PHP message: PHP  60. Illuminate\Routing\Route->runController() /var/www/html/vendor/laravel/framework/src/Illuminate/Routing/Route.php:169
PHP message: PHP  61. Illuminate\Routing\ControllerDispatcher->dispatch() /var/www/html/vendor/laravel/framework/src/Illuminate/Routing/Route.php:212
PHP message: PHP  62. Core\Media\Controllers\Admin\MediaController->callAction() /var/www/html/vendor/laravel/framework/src/Illuminate/Routing/ControllerDispatcher.php:45
PHP message: PHP  63. call_user_func_array:{/var/www/html/vendor/laravel/framework/src/Illuminate/Routing/Controller.php:54}() /var/www/html/vendor/laravel/framework/src/Illuminate/Routing/Controller.php:54
PHP message: PHP  64. Core\Media\Control
2019/03/17 11:46:33 [error] 58#58: *866 FastCGI sent in stderr: "PHP message: PHP Fatal error:  Constant expression contains invalid operations in /var/www/html/core/media/src/ValueObjects/MediaPath.php on line 19
PHP message: PHP Stack trace:
PHP message: PHP   1. {main}() /var/www/html/public/index.php:0
PHP message: PHP   2. App\Http\Kernel->handle() /var/www/html/public/index.php:55
PHP message: PHP   3. App\Http\Kernel->sendRequestThroughRouter() /var/www/html/vendor/laravel/framework/src/Illuminate/Foundation/Http/Kernel.php:116
PHP message: PHP   4. Illuminate\Routing\Pipeline->then() /var/www/html/vendor/laravel/framework/src/Illuminate/Foundation/Http/Kernel.php:151
PHP message: PHP   5. Illuminate\Routing\Pipeline->Illuminate\Routing\{closure}() /var/www/html/vendor/laravel/framework/src/Illuminate/Pipeline/Pipeline.php:104
PHP message: PHP   6. Illuminate\Routing\Pipeline->Illuminate\Pipeline\{closure}() /var/www/html/vendor/laravel/framework/src/Illuminate/Routing/Pipeline.php:53
PHP message: PHP   7. App\Http\Middleware\CheckForMaintenanceMode->handle() /var/www/html/vendor/laravel/framework/src/Illuminate/Pipeline/Pipeline.php:151
PHP message: PHP   8. Illuminate\Routing\Pipeline->Illuminate\Routing\{closure}() /var/www/html/vendor/laravel/framework/src/Illuminate/Foundation/Http/Middleware/CheckForMaintenanceMode.php:62
PHP message: PHP   9. Illuminate\Routing\Pipeline->Illuminate\Pipeline\{closure}() /var/www/html/vendor/laravel/framework/src/Illuminate/Routing/Pipeline.php:53
PHP message: PHP  10. Illuminate\Foundation\Http\Middleware\ValidatePostSize->handle() /var/www/html/vendor/laravel/framework/src/Illuminate/Pipeline/Pipeline.php:151
PHP message: PHP  11. Illuminate\Routing\Pipeline->Illuminate\Routing\{closure}() /var/www/html/vendor/laravel/framework/src/Illuminate/Foundation/Http/Middleware/ValidatePostSize.php:27
PHP message: PHP  12. Illuminate\Routing\Pipeline->Illuminate\Pipeline\{closure}() /var/www/html/vendor/laravel/framework/src/Illuminate/Routing/Pipeline.php:53
PHP message: P
2019/03/17 11:46:33 [error] 58#58: *866 FastCGI sent in stderr: "el/framework/src/Illuminate/Routing/Router.php:667
PHP message: PHP  27. Illuminate\Routing\Pipeline->Illuminate\Routing\{closure}() /var/www/html/vendor/laravel/framework/src/Illuminate/Pipeline/Pipeline.php:104
PHP message: PHP  28. Illuminate\Routing\Pipeline->Illuminate\Pipeline\{closure}() /var/www/html/vendor/laravel/framework/src/Illuminate/Routing/Pipeline.php:53
PHP message: PHP  29. App\Http\Middleware\EncryptCookies->handle() /var/www/html/vendor/laravel/framework/src/Illuminate/Pipeline/Pipeline.php:151
PHP message: PHP  30. Illuminate\Routing\Pipeline->Illuminate\Routing\{closure}() /var/www/html/vendor/laravel/framework/src/Illuminate/Cookie/Middleware/EncryptCookies.php:66
PHP message: PHP  31. Illuminate\Routing\Pipeline->Illuminate\Pipeline\{closure}() /var/www/html/vendor/laravel/framework/src/Illuminate/Routing/Pipeline.php:53
PHP message: PHP  32. Illuminate\Cookie\Middleware\AddQueuedCookiesToResponse->handle() /var/www/html/vendor/laravel/framework/src/Illuminate/Pipeline/Pipeline.php:151
PHP message: PHP  33. Illuminate\Routing\Pipeline->Illuminate\Routing\{closure}() /var/www/html/vendor/laravel/framework/src/Illuminate/Cookie/Middleware/AddQueuedCookiesToResponse.php:37
PHP message: PHP  34. Illuminate\Routing\Pipeline->Illuminate\Pipeline\{closure}() /var/www/html/vendor/laravel/framework/src/Illuminate/Routing/Pipeline.php:53
PHP message: PHP  35. Illuminate\Session\Middleware\StartSession->handle() /var/www/html/vendor/laravel/framework/src/Illuminate/Pipeline/Pipeline.php:151
PHP message: PHP  36. Illuminate\Routing\Pipeline->Illuminate\Routing\{closure}() /var/www/html/vendor/laravel/framework/src/Illuminate/Session/Middleware/StartSession.php:63
PHP message: PHP  37. Illuminate\Routing\Pipeline->Illuminate\Pipeline\{closure}() /var/www/html/vendor/laravel/framework/src/Illuminate/Routing/Pipeline.php:53
PHP message: PHP  38. Illuminate\View\Middleware\ShareErrorsFromSession->handle() /var/www/html/vendor/laravel/frame
2019/03/17 11:46:33 [error] 58#58: *866 FastCGI sent in stderr: "endor/laravel/framework/src/Illuminate/Auth/Middleware/Authenticate.php:43
PHP message: PHP  52. Illuminate\Routing\Pipeline->Illuminate\Pipeline\{closure}() /var/www/html/vendor/laravel/framework/src/Illuminate/Routing/Pipeline.php:53
PHP message: PHP  53. Core\Media\Middlewares\AdminMiddleware->handle() /var/www/html/vendor/laravel/framework/src/Illuminate/Pipeline/Pipeline.php:151
PHP message: PHP  54. Illuminate\Routing\Pipeline->Illuminate\Routing\{closure}() /var/www/html/core/media/src/Middlewares/AdminMiddleware.php:14
PHP message: PHP  55. Illuminate\Routing\Pipeline->Illuminate\Pipeline\{closure}() /var/www/html/vendor/laravel/framework/src/Illuminate/Routing/Pipeline.php:53
PHP message: PHP  56. Core\Base\Middlewares\Authorization->handle() /var/www/html/vendor/laravel/framework/src/Illuminate/Pipeline/Pipeline.php:151
PHP message: PHP  57. Illuminate\Routing\Pipeline->Illuminate\Routing\{closure}() /var/www/html/core/base/src/Middlewares/Authorization.php:41
PHP message: PHP  58. Illuminate\Routing\Router->Illuminate\Routing\{closure}() /var/www/html/vendor/laravel/framework/src/Illuminate/Routing/Pipeline.php:30
PHP message: PHP  59. Illuminate\Routing\Route->run() /var/www/html/vendor/laravel/framework/src/Illuminate/Routing/Router.php:665
PHP message: PHP  60. Illuminate\Routing\Route->runController() /var/www/html/vendor/laravel/framework/src/Illuminate/Routing/Route.php:169
PHP message: PHP  61. Illuminate\Routing\ControllerDispatcher->dispatch() /var/www/html/vendor/laravel/framework/src/Illuminate/Routing/Route.php:212
PHP message: PHP  62. Core\Media\Controllers\Admin\MediaController->callAction() /var/www/html/vendor/laravel/framework/src/Illuminate/Routing/ControllerDispatcher.php:45
PHP message: PHP  63. call_user_func_array:{/var/www/html/vendor/laravel/framework/src/Illuminate/Routing/Controller.php:54}() /var/www/html/vendor/laravel/framework/src/Illuminate/Routing/Controller.php:54
PHP message: PHP  64. Core\Media\Control
2019/03/17 11:47:15 [error] 58#58: *866 FastCGI sent in stderr: "PHP message: PHP Fatal error:  Constant expression contains invalid operations in /var/www/html/core/media/src/ValueObjects/MediaPath.php on line 19
PHP message: PHP Stack trace:
PHP message: PHP   1. {main}() /var/www/html/public/index.php:0
PHP message: PHP   2. App\Http\Kernel->handle() /var/www/html/public/index.php:55
PHP message: PHP   3. App\Http\Kernel->sendRequestThroughRouter() /var/www/html/vendor/laravel/framework/src/Illuminate/Foundation/Http/Kernel.php:116
PHP message: PHP   4. Illuminate\Routing\Pipeline->then() /var/www/html/vendor/laravel/framework/src/Illuminate/Foundation/Http/Kernel.php:151
PHP message: PHP   5. Illuminate\Routing\Pipeline->Illuminate\Routing\{closure}() /var/www/html/vendor/laravel/framework/src/Illuminate/Pipeline/Pipeline.php:104
PHP message: PHP   6. Illuminate\Routing\Pipeline->Illuminate\Pipeline\{closure}() /var/www/html/vendor/laravel/framework/src/Illuminate/Routing/Pipeline.php:53
PHP message: PHP   7. App\Http\Middleware\CheckForMaintenanceMode->handle() /var/www/html/vendor/laravel/framework/src/Illuminate/Pipeline/Pipeline.php:151
PHP message: PHP   8. Illuminate\Routing\Pipeline->Illuminate\Routing\{closure}() /var/www/html/vendor/laravel/framework/src/Illuminate/Foundation/Http/Middleware/CheckForMaintenanceMode.php:62
PHP message: PHP   9. Illuminate\Routing\Pipeline->Illuminate\Pipeline\{closure}() /var/www/html/vendor/laravel/framework/src/Illuminate/Routing/Pipeline.php:53
PHP message: PHP  10. Illuminate\Foundation\Http\Middleware\ValidatePostSize->handle() /var/www/html/vendor/laravel/framework/src/Illuminate/Pipeline/Pipeline.php:151
PHP message: PHP  11. Illuminate\Routing\Pipeline->Illuminate\Routing\{closure}() /var/www/html/vendor/laravel/framework/src/Illuminate/Foundation/Http/Middleware/ValidatePostSize.php:27
PHP message: PHP  12. Illuminate\Routing\Pipeline->Illuminate\Pipeline\{closure}() /var/www/html/vendor/laravel/framework/src/Illuminate/Routing/Pipeline.php:53
PHP message: P
2019/03/17 11:47:15 [error] 58#58: *866 FastCGI sent in stderr: "el/framework/src/Illuminate/Routing/Router.php:667
PHP message: PHP  27. Illuminate\Routing\Pipeline->Illuminate\Routing\{closure}() /var/www/html/vendor/laravel/framework/src/Illuminate/Pipeline/Pipeline.php:104
PHP message: PHP  28. Illuminate\Routing\Pipeline->Illuminate\Pipeline\{closure}() /var/www/html/vendor/laravel/framework/src/Illuminate/Routing/Pipeline.php:53
PHP message: PHP  29. App\Http\Middleware\EncryptCookies->handle() /var/www/html/vendor/laravel/framework/src/Illuminate/Pipeline/Pipeline.php:151
PHP message: PHP  30. Illuminate\Routing\Pipeline->Illuminate\Routing\{closure}() /var/www/html/vendor/laravel/framework/src/Illuminate/Cookie/Middleware/EncryptCookies.php:66
PHP message: PHP  31. Illuminate\Routing\Pipeline->Illuminate\Pipeline\{closure}() /var/www/html/vendor/laravel/framework/src/Illuminate/Routing/Pipeline.php:53
PHP message: PHP  32. Illuminate\Cookie\Middleware\AddQueuedCookiesToResponse->handle() /var/www/html/vendor/laravel/framework/src/Illuminate/Pipeline/Pipeline.php:151
PHP message: PHP  33. Illuminate\Routing\Pipeline->Illuminate\Routing\{closure}() /var/www/html/vendor/laravel/framework/src/Illuminate/Cookie/Middleware/AddQueuedCookiesToResponse.php:37
PHP message: PHP  34. Illuminate\Routing\Pipeline->Illuminate\Pipeline\{closure}() /var/www/html/vendor/laravel/framework/src/Illuminate/Routing/Pipeline.php:53
PHP message: PHP  35. Illuminate\Session\Middleware\StartSession->handle() /var/www/html/vendor/laravel/framework/src/Illuminate/Pipeline/Pipeline.php:151
PHP message: PHP  36. Illuminate\Routing\Pipeline->Illuminate\Routing\{closure}() /var/www/html/vendor/laravel/framework/src/Illuminate/Session/Middleware/StartSession.php:63
PHP message: PHP  37. Illuminate\Routing\Pipeline->Illuminate\Pipeline\{closure}() /var/www/html/vendor/laravel/framework/src/Illuminate/Routing/Pipeline.php:53
PHP message: PHP  38. Illuminate\View\Middleware\ShareErrorsFromSession->handle() /var/www/html/vendor/laravel/frame
2019/03/17 11:47:15 [error] 58#58: *866 FastCGI sent in stderr: "endor/laravel/framework/src/Illuminate/Auth/Middleware/Authenticate.php:43
PHP message: PHP  52. Illuminate\Routing\Pipeline->Illuminate\Pipeline\{closure}() /var/www/html/vendor/laravel/framework/src/Illuminate/Routing/Pipeline.php:53
PHP message: PHP  53. Core\Media\Middlewares\AdminMiddleware->handle() /var/www/html/vendor/laravel/framework/src/Illuminate/Pipeline/Pipeline.php:151
PHP message: PHP  54. Illuminate\Routing\Pipeline->Illuminate\Routing\{closure}() /var/www/html/core/media/src/Middlewares/AdminMiddleware.php:14
PHP message: PHP  55. Illuminate\Routing\Pipeline->Illuminate\Pipeline\{closure}() /var/www/html/vendor/laravel/framework/src/Illuminate/Routing/Pipeline.php:53
PHP message: PHP  56. Core\Base\Middlewares\Authorization->handle() /var/www/html/vendor/laravel/framework/src/Illuminate/Pipeline/Pipeline.php:151
PHP message: PHP  57. Illuminate\Routing\Pipeline->Illuminate\Routing\{closure}() /var/www/html/core/base/src/Middlewares/Authorization.php:41
PHP message: PHP  58. Illuminate\Routing\Router->Illuminate\Routing\{closure}() /var/www/html/vendor/laravel/framework/src/Illuminate/Routing/Pipeline.php:30
PHP message: PHP  59. Illuminate\Routing\Route->run() /var/www/html/vendor/laravel/framework/src/Illuminate/Routing/Router.php:665
PHP message: PHP  60. Illuminate\Routing\Route->runController() /var/www/html/vendor/laravel/framework/src/Illuminate/Routing/Route.php:169
PHP message: PHP  61. Illuminate\Routing\ControllerDispatcher->dispatch() /var/www/html/vendor/laravel/framework/src/Illuminate/Routing/Route.php:212
PHP message: PHP  62. Core\Media\Controllers\Admin\MediaController->callAction() /var/www/html/vendor/laravel/framework/src/Illuminate/Routing/ControllerDispatcher.php:45
PHP message: PHP  63. call_user_func_array:{/var/www/html/vendor/laravel/framework/src/Illuminate/Routing/Controller.php:54}() /var/www/html/vendor/laravel/framework/src/Illuminate/Routing/Controller.php:54
PHP message: PHP  64. Core\Media\Control
2019/03/17 11:52:14 [error] 58#58: *883 FastCGI sent in stderr: "PHP message: PHP Fatal error:  Constant expression contains invalid operations in /var/www/html/core/media/src/ValueObjects/MediaPath.php on line 19
PHP message: PHP Stack trace:
PHP message: PHP   1. {main}() /var/www/html/public/index.php:0
PHP message: PHP   2. App\Http\Kernel->handle() /var/www/html/public/index.php:55
PHP message: PHP   3. App\Http\Kernel->sendRequestThroughRouter() /var/www/html/vendor/laravel/framework/src/Illuminate/Foundation/Http/Kernel.php:116
PHP message: PHP   4. Illuminate\Routing\Pipeline->then() /var/www/html/vendor/laravel/framework/src/Illuminate/Foundation/Http/Kernel.php:151
PHP message: PHP   5. Illuminate\Routing\Pipeline->Illuminate\Routing\{closure}() /var/www/html/vendor/laravel/framework/src/Illuminate/Pipeline/Pipeline.php:104
PHP message: PHP   6. Illuminate\Routing\Pipeline->Illuminate\Pipeline\{closure}() /var/www/html/vendor/laravel/framework/src/Illuminate/Routing/Pipeline.php:53
PHP message: PHP   7. App\Http\Middleware\CheckForMaintenanceMode->handle() /var/www/html/vendor/laravel/framework/src/Illuminate/Pipeline/Pipeline.php:151
PHP message: PHP   8. Illuminate\Routing\Pipeline->Illuminate\Routing\{closure}() /var/www/html/vendor/laravel/framework/src/Illuminate/Foundation/Http/Middleware/CheckForMaintenanceMode.php:62
PHP message: PHP   9. Illuminate\Routing\Pipeline->Illuminate\Pipeline\{closure}() /var/www/html/vendor/laravel/framework/src/Illuminate/Routing/Pipeline.php:53
PHP message: PHP  10. Illuminate\Foundation\Http\Middleware\ValidatePostSize->handle() /var/www/html/vendor/laravel/framework/src/Illuminate/Pipeline/Pipeline.php:151
PHP message: PHP  11. Illuminate\Routing\Pipeline->Illuminate\Routing\{closure}() /var/www/html/vendor/laravel/framework/src/Illuminate/Foundation/Http/Middleware/ValidatePostSize.php:27
PHP message: PHP  12. Illuminate\Routing\Pipeline->Illuminate\Pipeline\{closure}() /var/www/html/vendor/laravel/framework/src/Illuminate/Routing/Pipeline.php:53
PHP message: P
2019/03/17 11:52:14 [error] 58#58: *883 FastCGI sent in stderr: "el/framework/src/Illuminate/Routing/Router.php:667
PHP message: PHP  27. Illuminate\Routing\Pipeline->Illuminate\Routing\{closure}() /var/www/html/vendor/laravel/framework/src/Illuminate/Pipeline/Pipeline.php:104
PHP message: PHP  28. Illuminate\Routing\Pipeline->Illuminate\Pipeline\{closure}() /var/www/html/vendor/laravel/framework/src/Illuminate/Routing/Pipeline.php:53
PHP message: PHP  29. App\Http\Middleware\EncryptCookies->handle() /var/www/html/vendor/laravel/framework/src/Illuminate/Pipeline/Pipeline.php:151
PHP message: PHP  30. Illuminate\Routing\Pipeline->Illuminate\Routing\{closure}() /var/www/html/vendor/laravel/framework/src/Illuminate/Cookie/Middleware/EncryptCookies.php:66
PHP message: PHP  31. Illuminate\Routing\Pipeline->Illuminate\Pipeline\{closure}() /var/www/html/vendor/laravel/framework/src/Illuminate/Routing/Pipeline.php:53
PHP message: PHP  32. Illuminate\Cookie\Middleware\AddQueuedCookiesToResponse->handle() /var/www/html/vendor/laravel/framework/src/Illuminate/Pipeline/Pipeline.php:151
PHP message: PHP  33. Illuminate\Routing\Pipeline->Illuminate\Routing\{closure}() /var/www/html/vendor/laravel/framework/src/Illuminate/Cookie/Middleware/AddQueuedCookiesToResponse.php:37
PHP message: PHP  34. Illuminate\Routing\Pipeline->Illuminate\Pipeline\{closure}() /var/www/html/vendor/laravel/framework/src/Illuminate/Routing/Pipeline.php:53
PHP message: PHP  35. Illuminate\Session\Middleware\StartSession->handle() /var/www/html/vendor/laravel/framework/src/Illuminate/Pipeline/Pipeline.php:151
PHP message: PHP  36. Illuminate\Routing\Pipeline->Illuminate\Routing\{closure}() /var/www/html/vendor/laravel/framework/src/Illuminate/Session/Middleware/StartSession.php:63
PHP message: PHP  37. Illuminate\Routing\Pipeline->Illuminate\Pipeline\{closure}() /var/www/html/vendor/laravel/framework/src/Illuminate/Routing/Pipeline.php:53
PHP message: PHP  38. Illuminate\View\Middleware\ShareErrorsFromSession->handle() /var/www/html/vendor/laravel/frame
2019/03/17 11:52:14 [error] 58#58: *883 FastCGI sent in stderr: "endor/laravel/framework/src/Illuminate/Auth/Middleware/Authenticate.php:43
PHP message: PHP  52. Illuminate\Routing\Pipeline->Illuminate\Pipeline\{closure}() /var/www/html/vendor/laravel/framework/src/Illuminate/Routing/Pipeline.php:53
PHP message: PHP  53. Core\Media\Middlewares\AdminMiddleware->handle() /var/www/html/vendor/laravel/framework/src/Illuminate/Pipeline/Pipeline.php:151
PHP message: PHP  54. Illuminate\Routing\Pipeline->Illuminate\Routing\{closure}() /var/www/html/core/media/src/Middlewares/AdminMiddleware.php:14
PHP message: PHP  55. Illuminate\Routing\Pipeline->Illuminate\Pipeline\{closure}() /var/www/html/vendor/laravel/framework/src/Illuminate/Routing/Pipeline.php:53
PHP message: PHP  56. Core\Base\Middlewares\Authorization->handle() /var/www/html/vendor/laravel/framework/src/Illuminate/Pipeline/Pipeline.php:151
PHP message: PHP  57. Illuminate\Routing\Pipeline->Illuminate\Routing\{closure}() /var/www/html/core/base/src/Middlewares/Authorization.php:41
PHP message: PHP  58. Illuminate\Routing\Router->Illuminate\Routing\{closure}() /var/www/html/vendor/laravel/framework/src/Illuminate/Routing/Pipeline.php:30
PHP message: PHP  59. Illuminate\Routing\Route->run() /var/www/html/vendor/laravel/framework/src/Illuminate/Routing/Router.php:665
PHP message: PHP  60. Illuminate\Routing\Route->runController() /var/www/html/vendor/laravel/framework/src/Illuminate/Routing/Route.php:169
PHP message: PHP  61. Illuminate\Routing\ControllerDispatcher->dispatch() /var/www/html/vendor/laravel/framework/src/Illuminate/Routing/Route.php:212
PHP message: PHP  62. Core\Media\Controllers\Admin\MediaController->callAction() /var/www/html/vendor/laravel/framework/src/Illuminate/Routing/ControllerDispatcher.php:45
PHP message: PHP  63. call_user_func_array:{/var/www/html/vendor/laravel/framework/src/Illuminate/Routing/Controller.php:54}() /var/www/html/vendor/laravel/framework/src/Illuminate/Routing/Controller.php:54
PHP message: PHP  64. Core\Media\Control
2019/03/30 07:26:02 [error] 66#66: *510 FastCGI sent in stderr: "PHP message: PHP Fatal error:  Interface 'Core\User\Repositories\Eloquent\RoleUserRepositories' not found in /var/www/html/core/user/src/Repositories/Eloquent/EloquentRoleUserRepositories.php on line 9
PHP message: PHP Stack trace:
PHP message: PHP   1. {main}() /var/www/html/public/index.php:0
PHP message: PHP   2. App\Http\Kernel->handle() /var/www/html/public/index.php:55
PHP message: PHP   3. App\Http\Kernel->sendRequestThroughRouter() /var/www/html/vendor/laravel/framework/src/Illuminate/Foundation/Http/Kernel.php:116
PHP message: PHP   4. Illuminate\Routing\Pipeline->then() /var/www/html/vendor/laravel/framework/src/Illuminate/Foundation/Http/Kernel.php:151
PHP message: PHP   5. Illuminate\Routing\Pipeline->Illuminate\Routing\{closure}() /var/www/html/vendor/laravel/framework/src/Illuminate/Pipeline/Pipeline.php:104
PHP message: PHP   6. Illuminate\Routing\Pipeline->Illuminate\Pipeline\{closure}() /var/www/html/vendor/laravel/framework/src/Illuminate/Routing/Pipeline.php:53
PHP message: PHP   7. App\Http\Middleware\CheckForMaintenanceMode->handle() /var/www/html/vendor/laravel/framework/src/Illuminate/Pipeline/Pipeline.php:151
PHP message: PHP   8. Illuminate\Routing\Pipeline->Illuminate\Routing\{closure}() /var/www/html/vendor/laravel/framework/src/Illuminate/Foundation/Http/Middleware/CheckForMaintenanceMode.php:62
PHP message: PHP   9. Illuminate\Routing\Pipeline->Illuminate\Pipeline\{closure}() /var/www/html/vendor/laravel/framework/src/Illuminate/Routing/Pipeline.php:53
PHP message: PHP  10. Illuminate\Foundation\Http\Middleware\ValidatePostSize->handle() /var/www/html/vendor/laravel/framework/src/Illuminate/Pipeline/Pipeline.php:151
PHP message: PHP  11. Illuminate\Routing\Pipeline->Illuminate\Routing\{closure}() /var/www/html/vendor/laravel/framework/src/Illuminate/Foundation/Http/Middleware/ValidatePostSize.php:27
PHP message: PHP  12. Illuminate\Routing\Pipeline->Illuminate\Pipeline\{closure}() /var/www/html/vendor/laravel/framework/
2019/03/30 07:26:02 [error] 66#66: *510 FastCGI sent in stderr: "e\Routing\Pipeline->then() /var/www/html/vendor/laravel/framework/src/Illuminate/Routing/Router.php:667
PHP message: PHP  27. Illuminate\Routing\Pipeline->Illuminate\Routing\{closure}() /var/www/html/vendor/laravel/framework/src/Illuminate/Pipeline/Pipeline.php:104
PHP message: PHP  28. Illuminate\Routing\Pipeline->Illuminate\Pipeline\{closure}() /var/www/html/vendor/laravel/framework/src/Illuminate/Routing/Pipeline.php:53
PHP message: PHP  29. App\Http\Middleware\EncryptCookies->handle() /var/www/html/vendor/laravel/framework/src/Illuminate/Pipeline/Pipeline.php:151
PHP message: PHP  30. Illuminate\Routing\Pipeline->Illuminate\Routing\{closure}() /var/www/html/vendor/laravel/framework/src/Illuminate/Cookie/Middleware/EncryptCookies.php:66
PHP message: PHP  31. Illuminate\Routing\Pipeline->Illuminate\Pipeline\{closure}() /var/www/html/vendor/laravel/framework/src/Illuminate/Routing/Pipeline.php:53
PHP message: PHP  32. Illuminate\Cookie\Middleware\AddQueuedCookiesToResponse->handle() /var/www/html/vendor/laravel/framework/src/Illuminate/Pipeline/Pipeline.php:151
PHP message: PHP  33. Illuminate\Routing\Pipeline->Illuminate\Routing\{closure}() /var/www/html/vendor/laravel/framework/src/Illuminate/Cookie/Middleware/AddQueuedCookiesToResponse.php:37
PHP message: PHP  34. Illuminate\Routing\Pipeline->Illuminate\Pipeline\{closure}() /var/www/html/vendor/laravel/framework/src/Illuminate/Routing/Pipeline.php:53
PHP message: PHP  35. Illuminate\Session\Middleware\StartSession->handle() /var/www/html/vendor/laravel/framework/src/Illuminate/Pipeline/Pipeline.php:151
PHP message: PHP  36. Illuminate\Routing\Pipeline->Illuminate\Routing\{closure}() /var/www/html/vendor/laravel/framework/src/Illuminate/Session/Middleware/StartSession.php:63
PHP message: PHP  37. Illuminate\Routing\Pipeline->Illuminate\Pipeline\{closure}() /var/www/html/vendor/laravel/framework/src/Illuminate/Routing/Pipeline.php:53
PHP message: PHP  38. Illuminate\View\Middleware\ShareErrorsFro
2019/03/30 07:26:02 [error] 66#66: *510 FastCGI sent in stderr: "eline->Illuminate\Routing\{closure}() /var/www/html/vendor/laravel/framework/src/Illuminate/Auth/Middleware/Authenticate.php:43
PHP message: PHP  52. Illuminate\Routing\Pipeline->Illuminate\Pipeline\{closure}() /var/www/html/vendor/laravel/framework/src/Illuminate/Routing/Pipeline.php:53
PHP message: PHP  53. Core\User\Middlewares\AdminMiddleware->handle() /var/www/html/vendor/laravel/framework/src/Illuminate/Pipeline/Pipeline.php:151
PHP message: PHP  54. Illuminate\Routing\Pipeline->Illuminate\Routing\{closure}() /var/www/html/core/user/src/Middlewares/AdminMiddleware.php:14
PHP message: PHP  55. Illuminate\Routing\Pipeline->Illuminate\Pipeline\{closure}() /var/www/html/vendor/laravel/framework/src/Illuminate/Routing/Pipeline.php:53
PHP message: PHP  56. Core\Base\Middlewares\Authorization->handle() /var/www/html/vendor/laravel/framework/src/Illuminate/Pipeline/Pipeline.php:151
PHP message: PHP  57. Illuminate\Routing\Pipeline->Illuminate\Routing\{closure}() /var/www/html/core/base/src/Middlewares/Authorization.php:41
PHP message: PHP  58. Illuminate\Routing\Router->Illuminate\Routing\{closure}() /var/www/html/vendor/laravel/framework/src/Illuminate/Routing/Pipeline.php:30
PHP message: PHP  59. Illuminate\Routing\Route->run() /var/www/html/vendor/laravel/framework/src/Illuminate/Routing/Router.php:665
PHP message: PHP  60. Illuminate\Routing\Route->runController() /var/www/html/vendor/laravel/framework/src/Illuminate/Routing/Route.php:169
PHP message: PHP  61. Illuminate\Routing\ControllerDispatcher->dispatch() /var/www/html/vendor/laravel/framework/src/Illuminate/Routing/Route.php:212
PHP message: PHP  62. Illuminate\Routing\ControllerDispatcher->resolveClassMethodDependencies() /var/www/html/vendor/laravel/framework/src/Illuminate/Routing/ControllerDispatcher.php:41
PHP message: PHP  63. Illuminate\Routing\ControllerDispatcher->resolveMethodDependencies() /var/www/html/vendor/laravel/framework/src/Illuminate/Routing/RouteDependencyResolverTrait
2019/03/30 07:26:11 [error] 66#66: *510 FastCGI sent in stderr: "PHP message: PHP Fatal error:  Interface 'Core\User\Repositories\Eloquent\RoleUserRepositories' not found in /var/www/html/core/user/src/Repositories/Eloquent/EloquentRoleUserRepositories.php on line 9
PHP message: PHP Stack trace:
PHP message: PHP   1. {main}() /var/www/html/public/index.php:0
PHP message: PHP   2. App\Http\Kernel->handle() /var/www/html/public/index.php:55
PHP message: PHP   3. App\Http\Kernel->sendRequestThroughRouter() /var/www/html/vendor/laravel/framework/src/Illuminate/Foundation/Http/Kernel.php:116
PHP message: PHP   4. Illuminate\Routing\Pipeline->then() /var/www/html/vendor/laravel/framework/src/Illuminate/Foundation/Http/Kernel.php:151
PHP message: PHP   5. Illuminate\Routing\Pipeline->Illuminate\Routing\{closure}() /var/www/html/vendor/laravel/framework/src/Illuminate/Pipeline/Pipeline.php:104
PHP message: PHP   6. Illuminate\Routing\Pipeline->Illuminate\Pipeline\{closure}() /var/www/html/vendor/laravel/framework/src/Illuminate/Routing/Pipeline.php:53
PHP message: PHP   7. App\Http\Middleware\CheckForMaintenanceMode->handle() /var/www/html/vendor/laravel/framework/src/Illuminate/Pipeline/Pipeline.php:151
PHP message: PHP   8. Illuminate\Routing\Pipeline->Illuminate\Routing\{closure}() /var/www/html/vendor/laravel/framework/src/Illuminate/Foundation/Http/Middleware/CheckForMaintenanceMode.php:62
PHP message: PHP   9. Illuminate\Routing\Pipeline->Illuminate\Pipeline\{closure}() /var/www/html/vendor/laravel/framework/src/Illuminate/Routing/Pipeline.php:53
PHP message: PHP  10. Illuminate\Foundation\Http\Middleware\ValidatePostSize->handle() /var/www/html/vendor/laravel/framework/src/Illuminate/Pipeline/Pipeline.php:151
PHP message: PHP  11. Illuminate\Routing\Pipeline->Illuminate\Routing\{closure}() /var/www/html/vendor/laravel/framework/src/Illuminate/Foundation/Http/Middleware/ValidatePostSize.php:27
PHP message: PHP  12. Illuminate\Routing\Pipeline->Illuminate\Pipeline\{closure}() /var/www/html/vendor/laravel/framework/
2019/03/30 07:26:11 [error] 66#66: *510 FastCGI sent in stderr: "e\Routing\Pipeline->then() /var/www/html/vendor/laravel/framework/src/Illuminate/Routing/Router.php:667
PHP message: PHP  27. Illuminate\Routing\Pipeline->Illuminate\Routing\{closure}() /var/www/html/vendor/laravel/framework/src/Illuminate/Pipeline/Pipeline.php:104
PHP message: PHP  28. Illuminate\Routing\Pipeline->Illuminate\Pipeline\{closure}() /var/www/html/vendor/laravel/framework/src/Illuminate/Routing/Pipeline.php:53
PHP message: PHP  29. App\Http\Middleware\EncryptCookies->handle() /var/www/html/vendor/laravel/framework/src/Illuminate/Pipeline/Pipeline.php:151
PHP message: PHP  30. Illuminate\Routing\Pipeline->Illuminate\Routing\{closure}() /var/www/html/vendor/laravel/framework/src/Illuminate/Cookie/Middleware/EncryptCookies.php:66
PHP message: PHP  31. Illuminate\Routing\Pipeline->Illuminate\Pipeline\{closure}() /var/www/html/vendor/laravel/framework/src/Illuminate/Routing/Pipeline.php:53
PHP message: PHP  32. Illuminate\Cookie\Middleware\AddQueuedCookiesToResponse->handle() /var/www/html/vendor/laravel/framework/src/Illuminate/Pipeline/Pipeline.php:151
PHP message: PHP  33. Illuminate\Routing\Pipeline->Illuminate\Routing\{closure}() /var/www/html/vendor/laravel/framework/src/Illuminate/Cookie/Middleware/AddQueuedCookiesToResponse.php:37
PHP message: PHP  34. Illuminate\Routing\Pipeline->Illuminate\Pipeline\{closure}() /var/www/html/vendor/laravel/framework/src/Illuminate/Routing/Pipeline.php:53
PHP message: PHP  35. Illuminate\Session\Middleware\StartSession->handle() /var/www/html/vendor/laravel/framework/src/Illuminate/Pipeline/Pipeline.php:151
PHP message: PHP  36. Illuminate\Routing\Pipeline->Illuminate\Routing\{closure}() /var/www/html/vendor/laravel/framework/src/Illuminate/Session/Middleware/StartSession.php:63
PHP message: PHP  37. Illuminate\Routing\Pipeline->Illuminate\Pipeline\{closure}() /var/www/html/vendor/laravel/framework/src/Illuminate/Routing/Pipeline.php:53
PHP message: PHP  38. Illuminate\View\Middleware\ShareErrorsFro
2019/03/30 07:26:11 [error] 66#66: *510 FastCGI sent in stderr: "eline->Illuminate\Routing\{closure}() /var/www/html/vendor/laravel/framework/src/Illuminate/Auth/Middleware/Authenticate.php:43
PHP message: PHP  52. Illuminate\Routing\Pipeline->Illuminate\Pipeline\{closure}() /var/www/html/vendor/laravel/framework/src/Illuminate/Routing/Pipeline.php:53
PHP message: PHP  53. Core\User\Middlewares\AdminMiddleware->handle() /var/www/html/vendor/laravel/framework/src/Illuminate/Pipeline/Pipeline.php:151
PHP message: PHP  54. Illuminate\Routing\Pipeline->Illuminate\Routing\{closure}() /var/www/html/core/user/src/Middlewares/AdminMiddleware.php:14
PHP message: PHP  55. Illuminate\Routing\Pipeline->Illuminate\Pipeline\{closure}() /var/www/html/vendor/laravel/framework/src/Illuminate/Routing/Pipeline.php:53
PHP message: PHP  56. Core\Base\Middlewares\Authorization->handle() /var/www/html/vendor/laravel/framework/src/Illuminate/Pipeline/Pipeline.php:151
PHP message: PHP  57. Illuminate\Routing\Pipeline->Illuminate\Routing\{closure}() /var/www/html/core/base/src/Middlewares/Authorization.php:41
PHP message: PHP  58. Illuminate\Routing\Router->Illuminate\Routing\{closure}() /var/www/html/vendor/laravel/framework/src/Illuminate/Routing/Pipeline.php:30
PHP message: PHP  59. Illuminate\Routing\Route->run() /var/www/html/vendor/laravel/framework/src/Illuminate/Routing/Router.php:665
PHP message: PHP  60. Illuminate\Routing\Route->runController() /var/www/html/vendor/laravel/framework/src/Illuminate/Routing/Route.php:169
PHP message: PHP  61. Illuminate\Routing\ControllerDispatcher->dispatch() /var/www/html/vendor/laravel/framework/src/Illuminate/Routing/Route.php:212
PHP message: PHP  62. Illuminate\Routing\ControllerDispatcher->resolveClassMethodDependencies() /var/www/html/vendor/laravel/framework/src/Illuminate/Routing/ControllerDispatcher.php:41
PHP message: PHP  63. Illuminate\Routing\ControllerDispatcher->resolveMethodDependencies() /var/www/html/vendor/laravel/framework/src/Illuminate/Routing/RouteDependencyResolverTrait
2019/03/30 07:30:16 [error] 66#66: *525 FastCGI sent in stderr: "PHP message: PHP Fatal error:  Interface 'Core\User\Repositories\Eloquent\RoleUserRepositories' not found in /var/www/html/core/user/src/Repositories/Eloquent/EloquentRoleUserRepositories.php on line 9
PHP message: PHP Stack trace:
PHP message: PHP   1. {main}() /var/www/html/public/index.php:0
PHP message: PHP   2. App\Http\Kernel->handle() /var/www/html/public/index.php:55
PHP message: PHP   3. App\Http\Kernel->sendRequestThroughRouter() /var/www/html/vendor/laravel/framework/src/Illuminate/Foundation/Http/Kernel.php:116
PHP message: PHP   4. Illuminate\Routing\Pipeline->then() /var/www/html/vendor/laravel/framework/src/Illuminate/Foundation/Http/Kernel.php:151
PHP message: PHP   5. Illuminate\Routing\Pipeline->Illuminate\Routing\{closure}() /var/www/html/vendor/laravel/framework/src/Illuminate/Pipeline/Pipeline.php:104
PHP message: PHP   6. Illuminate\Routing\Pipeline->Illuminate\Pipeline\{closure}() /var/www/html/vendor/laravel/framework/src/Illuminate/Routing/Pipeline.php:53
PHP message: PHP   7. App\Http\Middleware\CheckForMaintenanceMode->handle() /var/www/html/vendor/laravel/framework/src/Illuminate/Pipeline/Pipeline.php:151
PHP message: PHP   8. Illuminate\Routing\Pipeline->Illuminate\Routing\{closure}() /var/www/html/vendor/laravel/framework/src/Illuminate/Foundation/Http/Middleware/CheckForMaintenanceMode.php:62
PHP message: PHP   9. Illuminate\Routing\Pipeline->Illuminate\Pipeline\{closure}() /var/www/html/vendor/laravel/framework/src/Illuminate/Routing/Pipeline.php:53
PHP message: PHP  10. Illuminate\Foundation\Http\Middleware\ValidatePostSize->handle() /var/www/html/vendor/laravel/framework/src/Illuminate/Pipeline/Pipeline.php:151
PHP message: PHP  11. Illuminate\Routing\Pipeline->Illuminate\Routing\{closure}() /var/www/html/vendor/laravel/framework/src/Illuminate/Foundation/Http/Middleware/ValidatePostSize.php:27
PHP message: PHP  12. Illuminate\Routing\Pipeline->Illuminate\Pipeline\{closure}() /var/www/html/vendor/laravel/framework/
2019/03/30 07:30:16 [error] 66#66: *525 FastCGI sent in stderr: "e\Routing\Router->gatherRouteMiddleware() /var/www/html/vendor/laravel/framework/src/Illuminate/Routing/Router.php:658
PHP message: PHP  27. Illuminate\Routing\Route->gatherMiddleware() /var/www/html/vendor/laravel/framework/src/Illuminate/Routing/Router.php:678
PHP message: PHP  28. Illuminate\Routing\Route->controllerMiddleware() /var/www/html/vendor/laravel/framework/src/Illuminate/Routing/Route.php:757
PHP message: PHP  29. Illuminate\Routing\Route->getController() /var/www/html/vendor/laravel/framework/src/Illuminate/Routing/Route.php:796
PHP message: PHP  30. Illuminate\Foundation\Application->make() /var/www/html/vendor/laravel/framework/src/Illuminate/Routing/Route.php:226
PHP message: PHP  31. Illuminate\Foundation\Application->make() /var/www/html/vendor/laravel/framework/src/Illuminate/Foundation/Application.php:734
PHP message: PHP  32. Illuminate\Foundation\Application->resolve() /var/www/html/vendor/laravel/framework/src/Illuminate/Container/Container.php:601
PHP message: PHP  33. Illuminate\Foundation\Application->build() /var/www/html/vendor/laravel/framework/src/Illuminate/Container/Container.php:646
PHP message: PHP  34. Illuminate\Foundation\Application->resolveDependencies() /var/www/html/vendor/laravel/framework/src/Illuminate/Container/Container.php:795
PHP message: PHP  35. Illuminate\Foundation\Application->resolveClass() /var/www/html/vendor/laravel/framework/src/Illuminate/Container/Container.php:828
PHP message: PHP  36. Illuminate\Foundation\Application->make() /var/www/html/vendor/laravel/framework/src/Illuminate/Container/Container.php:900
PHP message: PHP  37. Illuminate\Foundation\Application->make() /var/www/html/vendor/laravel/framework/src/Illuminate/Foundation/Application.php:734
PHP message: PHP  38. Illuminate\Foundation\Application->resolve() /var/www/html/vendor/laravel/framework/src/Illuminate/Container/Container.php:601
PHP message: PHP  39. Illuminate\Foundation\Application->build() /var/www/html/vendor/la
2019/03/30 07:30:28 [error] 66#66: *527 FastCGI sent in stderr: "PHP message: PHP Fatal error:  Interface 'Core\User\Repositories\Eloquent\RoleUserRepositories' not found in /var/www/html/core/user/src/Repositories/Eloquent/EloquentRoleUserRepositories.php on line 9
PHP message: PHP Stack trace:
PHP message: PHP   1. {main}() /var/www/html/public/index.php:0
PHP message: PHP   2. App\Http\Kernel->handle() /var/www/html/public/index.php:55
PHP message: PHP   3. App\Http\Kernel->sendRequestThroughRouter() /var/www/html/vendor/laravel/framework/src/Illuminate/Foundation/Http/Kernel.php:116
PHP message: PHP   4. Illuminate\Routing\Pipeline->then() /var/www/html/vendor/laravel/framework/src/Illuminate/Foundation/Http/Kernel.php:151
PHP message: PHP   5. Illuminate\Routing\Pipeline->Illuminate\Routing\{closure}() /var/www/html/vendor/laravel/framework/src/Illuminate/Pipeline/Pipeline.php:104
PHP message: PHP   6. Illuminate\Routing\Pipeline->Illuminate\Pipeline\{closure}() /var/www/html/vendor/laravel/framework/src/Illuminate/Routing/Pipeline.php:53
PHP message: PHP   7. App\Http\Middleware\CheckForMaintenanceMode->handle() /var/www/html/vendor/laravel/framework/src/Illuminate/Pipeline/Pipeline.php:151
PHP message: PHP   8. Illuminate\Routing\Pipeline->Illuminate\Routing\{closure}() /var/www/html/vendor/laravel/framework/src/Illuminate/Foundation/Http/Middleware/CheckForMaintenanceMode.php:62
PHP message: PHP   9. Illuminate\Routing\Pipeline->Illuminate\Pipeline\{closure}() /var/www/html/vendor/laravel/framework/src/Illuminate/Routing/Pipeline.php:53
PHP message: PHP  10. Illuminate\Foundation\Http\Middleware\ValidatePostSize->handle() /var/www/html/vendor/laravel/framework/src/Illuminate/Pipeline/Pipeline.php:151
PHP message: PHP  11. Illuminate\Routing\Pipeline->Illuminate\Routing\{closure}() /var/www/html/vendor/laravel/framework/src/Illuminate/Foundation/Http/Middleware/ValidatePostSize.php:27
PHP message: PHP  12. Illuminate\Routing\Pipeline->Illuminate\Pipeline\{closure}() /var/www/html/vendor/laravel/framework/
2019/03/30 07:30:28 [error] 66#66: *527 FastCGI sent in stderr: "e\Routing\Router->gatherRouteMiddleware() /var/www/html/vendor/laravel/framework/src/Illuminate/Routing/Router.php:658
PHP message: PHP  27. Illuminate\Routing\Route->gatherMiddleware() /var/www/html/vendor/laravel/framework/src/Illuminate/Routing/Router.php:678
PHP message: PHP  28. Illuminate\Routing\Route->controllerMiddleware() /var/www/html/vendor/laravel/framework/src/Illuminate/Routing/Route.php:757
PHP message: PHP  29. Illuminate\Routing\Route->getController() /var/www/html/vendor/laravel/framework/src/Illuminate/Routing/Route.php:796
PHP message: PHP  30. Illuminate\Foundation\Application->make() /var/www/html/vendor/laravel/framework/src/Illuminate/Routing/Route.php:226
PHP message: PHP  31. Illuminate\Foundation\Application->make() /var/www/html/vendor/laravel/framework/src/Illuminate/Foundation/Application.php:734
PHP message: PHP  32. Illuminate\Foundation\Application->resolve() /var/www/html/vendor/laravel/framework/src/Illuminate/Container/Container.php:601
PHP message: PHP  33. Illuminate\Foundation\Application->build() /var/www/html/vendor/laravel/framework/src/Illuminate/Container/Container.php:646
PHP message: PHP  34. Illuminate\Foundation\Application->resolveDependencies() /var/www/html/vendor/laravel/framework/src/Illuminate/Container/Container.php:795
PHP message: PHP  35. Illuminate\Foundation\Application->resolveClass() /var/www/html/vendor/laravel/framework/src/Illuminate/Container/Container.php:828
PHP message: PHP  36. Illuminate\Foundation\Application->make() /var/www/html/vendor/laravel/framework/src/Illuminate/Container/Container.php:900
PHP message: PHP  37. Illuminate\Foundation\Application->make() /var/www/html/vendor/laravel/framework/src/Illuminate/Foundation/Application.php:734
PHP message: PHP  38. Illuminate\Foundation\Application->resolve() /var/www/html/vendor/laravel/framework/src/Illuminate/Container/Container.php:601
PHP message: PHP  39. Illuminate\Foundation\Application->build() /var/www/html/vendor/la
